c:\users\николай борисов\downloads\полином\полином\debug\vc142.pdb
c:\users\николай борисов\downloads\полином\полином\debug\vc142.idb
c:\users\николай борисов\downloads\полином\полином\debug\полином.obj
c:\users\николай борисов\downloads\полином\полином\debug\polinom.obj
c:\users\николай борисов\downloads\полином\полином\debug\monom.obj
c:\users\николай борисов\downloads\полином\полином\debug\полином.ilk
c:\users\николай борисов\downloads\полином\полином\debug\полином.exe
c:\users\николай борисов\downloads\полином\полином\debug\полином.pdb
c:\users\николай\downloads\полином\полином\debug\monom.obj
c:\users\николай\downloads\полином\полином\debug\polinom.obj
c:\users\николай\downloads\полином\полином\debug\полином.obj
c:\users\николай\downloads\полином\полином\debug\mytest.ilk
c:\users\николай\downloads\полином\полином\debug\полином.ilk
c:\users\николай\downloads\полином\полином\debug\vc142.idb
c:\users\николай\downloads\полином\полином\debug\mytest.pdb
c:\users\николай\downloads\полином\полином\debug\vc142.pdb
c:\users\николай\downloads\полином\полином\debug\полином.pdb
c:\users\николай\downloads\полином\полином\debug\полином.exe
c:\users\николай\downloads\полином\полином\debug\полином.tlog\cl.command.1.tlog
c:\users\николай\downloads\полином\полином\debug\полином.tlog\cl.read.1.tlog
c:\users\николай\downloads\полином\полином\debug\полином.tlog\cl.write.1.tlog
c:\users\николай\downloads\полином\полином\debug\полином.tlog\link.command.1.tlog
c:\users\николай\downloads\полином\полином\debug\полином.tlog\link.read.1.tlog
c:\users\николай\downloads\полином\полином\debug\полином.tlog\link.write.1.tlog
