C:\USERS\Настя\DESKTOP\Лабы и проги\MP2-LAB4-POLINOMS\SLN\VC12\SAMPLE\DEBUG\MAIN_POLINOMS.OBJ
C:\USERS\НАСТЯ\DESKTOP\ЛАБЫ И ПРОГИ\MP2-LAB4-POLINOMS\SLN\VC12\SAMPLE\DEBUG\VC110.PDB
C:\USERS\Настя\DESKTOP\Лабы и проги\MP2-LAB4-POLINOMS\SLN\VC12\DEBUG\MAIN_POLINOMS.ILK
C:\USERS\Настя\DESKTOP\Лабы и проги\MP2-LAB4-POLINOMS\SLN\VC12\DEBUG\MAIN_POLINOMS.EXE
C:\USERS\НАСТЯ\DESKTOP\ЛАБЫ И ПРОГИ\MP2-LAB4-POLINOMS\SLN\VC12\DEBUG\MAIN_POLINOMS.PDB
C:\Users\Настя\Desktop\Лабы и проги\mp2-lab4-polinoms\sln\vc12\sample\Debug\main_polinoms.obj
C:\Users\Настя\Desktop\Лабы и проги\mp2-lab4-polinoms\sln\vc12\sample\Debug\cl.command.1.tlog
C:\Users\Настя\Desktop\Лабы и проги\mp2-lab4-polinoms\sln\vc12\sample\Debug\CL.read.1.tlog
C:\Users\Настя\Desktop\Лабы и проги\mp2-lab4-polinoms\sln\vc12\sample\Debug\CL.write.1.tlog
C:\Users\Настя\Desktop\Лабы и проги\mp2-lab4-polinoms\sln\vc12\sample\Debug\link-cvtres.read.1.tlog
C:\Users\Настя\Desktop\Лабы и проги\mp2-lab4-polinoms\sln\vc12\sample\Debug\link-cvtres.write.1.tlog
C:\Users\Настя\Desktop\Лабы и проги\mp2-lab4-polinoms\sln\vc12\sample\Debug\link-rc.read.1.tlog
C:\Users\Настя\Desktop\Лабы и проги\mp2-lab4-polinoms\sln\vc12\sample\Debug\link-rc.write.1.tlog
C:\Users\Настя\Desktop\Лабы и проги\mp2-lab4-polinoms\sln\vc12\sample\Debug\link.15476-cvtres.read.1.tlog
C:\Users\Настя\Desktop\Лабы и проги\mp2-lab4-polinoms\sln\vc12\sample\Debug\link.15476-cvtres.write.1.tlog
C:\Users\Настя\Desktop\Лабы и проги\mp2-lab4-polinoms\sln\vc12\sample\Debug\link.15476-rc.read.1.tlog
C:\Users\Настя\Desktop\Лабы и проги\mp2-lab4-polinoms\sln\vc12\sample\Debug\link.15476-rc.write.1.tlog
C:\Users\Настя\Desktop\Лабы и проги\mp2-lab4-polinoms\sln\vc12\sample\Debug\link.15476.read.1.tlog
C:\Users\Настя\Desktop\Лабы и проги\mp2-lab4-polinoms\sln\vc12\sample\Debug\link.15476.write.1.tlog
C:\Users\Настя\Desktop\Лабы и проги\mp2-lab4-polinoms\sln\vc12\sample\Debug\link.command.1.tlog
C:\Users\Настя\Desktop\Лабы и проги\mp2-lab4-polinoms\sln\vc12\sample\Debug\link.read.1.tlog
C:\Users\Настя\Desktop\Лабы и проги\mp2-lab4-polinoms\sln\vc12\sample\Debug\link.write.1.tlog
C:\Users\Настя\Desktop\Лабы и проги\mp2-lab4-polinoms\sln\vc12\sample\Debug\vc110.idb
C:\Users\Настя\Desktop\Лабы и проги\mp2-lab4-polinoms\sln\vc12\sample\Debug\vc110.pdb
C:\Users\Настя\Desktop\Лабы и проги\mp2-lab4-polinoms\sln\vc12\Debug\main_polinoms.pdb
C:\Users\Настя\Desktop\Лабы и проги\mp2-lab4-polinoms\sln\vc12\Debug\main_polinoms.exe
C:\Users\Настя\Desktop\Лабы и проги\mp2-lab4-polinoms\sln\vc12\Debug\main_polinoms.ilk
