C:\USERS\Настя\DESKTOP\Лабы и проги\MP2-LAB3-ARITHMETIC\SLN\VC12\SAMPLE\DEBUG\MAIN_ARITHMETIC.OBJ
C:\USERS\НАСТЯ\DESKTOP\ЛАБЫ И ПРОГИ\MP2-LAB3-ARITHMETIC\SLN\VC12\SAMPLE\DEBUG\VC110.PDB
C:\USERS\Настя\DESKTOP\Лабы и проги\MP2-LAB3-ARITHMETIC\SLN\VC12\DEBUG\SAMPLE.ILK
C:\USERS\Настя\DESKTOP\Лабы и проги\MP2-LAB3-ARITHMETIC\SLN\VC12\DEBUG\SAMPLE.EXE
C:\USERS\НАСТЯ\DESKTOP\ЛАБЫ И ПРОГИ\MP2-LAB3-ARITHMETIC\SLN\VC12\DEBUG\SAMPLE.PDB
C:\Users\Настя\Desktop\Лабы и проги\mp2-lab3-arithmetic\sln\vc12\sample\Debug\main_arithmetic.obj
C:\Users\Настя\Desktop\Лабы и проги\mp2-lab3-arithmetic\sln\vc12\sample\Debug\cl.command.1.tlog
C:\Users\Настя\Desktop\Лабы и проги\mp2-lab3-arithmetic\sln\vc12\sample\Debug\CL.read.1.tlog
C:\Users\Настя\Desktop\Лабы и проги\mp2-lab3-arithmetic\sln\vc12\sample\Debug\CL.write.1.tlog
C:\Users\Настя\Desktop\Лабы и проги\mp2-lab3-arithmetic\sln\vc12\sample\Debug\link-cvtres.read.1.tlog
C:\Users\Настя\Desktop\Лабы и проги\mp2-lab3-arithmetic\sln\vc12\sample\Debug\link-cvtres.write.1.tlog
C:\Users\Настя\Desktop\Лабы и проги\mp2-lab3-arithmetic\sln\vc12\sample\Debug\link-rc.read.1.tlog
C:\Users\Настя\Desktop\Лабы и проги\mp2-lab3-arithmetic\sln\vc12\sample\Debug\link-rc.write.1.tlog
C:\Users\Настя\Desktop\Лабы и проги\mp2-lab3-arithmetic\sln\vc12\sample\Debug\link.11528-cvtres.read.1.tlog
C:\Users\Настя\Desktop\Лабы и проги\mp2-lab3-arithmetic\sln\vc12\sample\Debug\link.11528-cvtres.write.1.tlog
C:\Users\Настя\Desktop\Лабы и проги\mp2-lab3-arithmetic\sln\vc12\sample\Debug\link.11528-rc.read.1.tlog
C:\Users\Настя\Desktop\Лабы и проги\mp2-lab3-arithmetic\sln\vc12\sample\Debug\link.11528-rc.write.1.tlog
C:\Users\Настя\Desktop\Лабы и проги\mp2-lab3-arithmetic\sln\vc12\sample\Debug\link.11528.read.1.tlog
C:\Users\Настя\Desktop\Лабы и проги\mp2-lab3-arithmetic\sln\vc12\sample\Debug\link.11528.write.1.tlog
C:\Users\Настя\Desktop\Лабы и проги\mp2-lab3-arithmetic\sln\vc12\sample\Debug\link.13956-cvtres.read.1.tlog
C:\Users\Настя\Desktop\Лабы и проги\mp2-lab3-arithmetic\sln\vc12\sample\Debug\link.13956-cvtres.write.1.tlog
C:\Users\Настя\Desktop\Лабы и проги\mp2-lab3-arithmetic\sln\vc12\sample\Debug\link.13956-rc.read.1.tlog
C:\Users\Настя\Desktop\Лабы и проги\mp2-lab3-arithmetic\sln\vc12\sample\Debug\link.13956-rc.write.1.tlog
C:\Users\Настя\Desktop\Лабы и проги\mp2-lab3-arithmetic\sln\vc12\sample\Debug\link.13956.read.1.tlog
C:\Users\Настя\Desktop\Лабы и проги\mp2-lab3-arithmetic\sln\vc12\sample\Debug\link.13956.write.1.tlog
C:\Users\Настя\Desktop\Лабы и проги\mp2-lab3-arithmetic\sln\vc12\sample\Debug\link.14036-cvtres.read.1.tlog
C:\Users\Настя\Desktop\Лабы и проги\mp2-lab3-arithmetic\sln\vc12\sample\Debug\link.14036-cvtres.write.1.tlog
C:\Users\Настя\Desktop\Лабы и проги\mp2-lab3-arithmetic\sln\vc12\sample\Debug\link.14036-rc.read.1.tlog
C:\Users\Настя\Desktop\Лабы и проги\mp2-lab3-arithmetic\sln\vc12\sample\Debug\link.14036-rc.write.1.tlog
C:\Users\Настя\Desktop\Лабы и проги\mp2-lab3-arithmetic\sln\vc12\sample\Debug\link.14036.read.1.tlog
C:\Users\Настя\Desktop\Лабы и проги\mp2-lab3-arithmetic\sln\vc12\sample\Debug\link.14036.write.1.tlog
C:\Users\Настя\Desktop\Лабы и проги\mp2-lab3-arithmetic\sln\vc12\sample\Debug\link.command.1.tlog
C:\Users\Настя\Desktop\Лабы и проги\mp2-lab3-arithmetic\sln\vc12\sample\Debug\link.read.1.tlog
C:\Users\Настя\Desktop\Лабы и проги\mp2-lab3-arithmetic\sln\vc12\sample\Debug\link.write.1.tlog
C:\Users\Настя\Desktop\Лабы и проги\mp2-lab3-arithmetic\sln\vc12\sample\Debug\vc110.idb
C:\Users\Настя\Desktop\Лабы и проги\mp2-lab3-arithmetic\sln\vc12\sample\Debug\vc110.pdb
C:\Users\Настя\Desktop\Лабы и проги\mp2-lab3-arithmetic\sln\vc12\Debug\sample.pdb
C:\Users\Настя\Desktop\Лабы и проги\mp2-lab3-arithmetic\sln\vc12\Debug\sample.exe
C:\Users\Настя\Desktop\Лабы и проги\mp2-lab3-arithmetic\sln\vc12\Debug\sample.ilk
